  [4;36;1mSQL (78.0ms)[0m   [0;1m SELECT name
 FROM sqlite_master
 WHERE type = 'table' AND NOT name = 'sqlite_sequence'
[0m
  [4;35;1mSQL (0.0ms)[0m   [0mselect sqlite_version(*)[0m
  [4;36;1mSQL (109.0ms)[0m   [0;1mCREATE TABLE "schema_migrations" ("version" varchar(255) NOT NULL) [0m
  [4;35;1mSQL (109.0ms)[0m   [0mCREATE UNIQUE INDEX "unique_schema_migrations" ON "schema_migrations" ("version")[0m
  [4;36;1mSQL (0.0ms)[0m   [0;1m SELECT name
 FROM sqlite_master
 WHERE type = 'table' AND NOT name = 'sqlite_sequence'
[0m
  [4;35;1mSQL (0.0ms)[0m   [0mSELECT version FROM schema_migrations[0m
Migrating to CreateSchedules (20091111011531)
  [4;36;1mSQL (0.0ms)[0m   [0;1mCREATE TABLE "schedules" ("id" INTEGER PRIMARY KEY AUTOINCREMENT NOT NULL, "start_time" datetime, "latitude" float, "longitude" float, "exposure" integer, "number_of_pictures" integer, "created_at" datetime, "updated_at" datetime) [0m
  [4;35;1mSQL (0.0ms)[0m   [0mINSERT INTO schema_migrations (version) VALUES ('20091111011531')[0m
  [4;36;1mSQL (0.0ms)[0m   [0;1m SELECT name
 FROM sqlite_master
 WHERE type = 'table' AND NOT name = 'sqlite_sequence'
[0m
  [4;35;1mSQL (0.0ms)[0m   [0mSELECT version FROM schema_migrations[0m
  [4;36;1mSQL (0.0ms)[0m   [0;1m SELECT name
 FROM sqlite_master
 WHERE type = 'table' AND NOT name = 'sqlite_sequence'
[0m
  [4;35;1mSQL (0.0ms)[0m   [0mPRAGMA index_list("schedules")[0m
